#
# There is insufficient memory for the Java Runtime Environment to continue.
# Native memory allocation (malloc) failed to allocate 56816 bytes for Chunk::new
# Possible reasons:
#   The system is out of physical RAM or swap space
#   In 32 bit mode, the process size limit was hit
# Possible solutions:
#   Reduce memory load on the system
#   Increase physical memory or swap space
#   Check if swap backing store is full
#   Use 64 bit Java on a 64 bit OS
#   Decrease Java heap size (-Xmx/-Xms)
#   Decrease number of Java threads
#   Decrease Java thread stack sizes (-Xss)
#   Set larger code cache with -XX:ReservedCodeCacheSize=
# This output file may be truncated or incomplete.
#
#  Out of Memory Error (allocation.cpp:323), pid=5404, tid=28696
#
# JRE version: Java(TM) SE Runtime Environment (7.0_67-b01) (build 1.7.0_67-b01)
# Java VM: Java HotSpot(TM) 64-Bit Server VM (24.65-b04 mixed mode windows-amd64 compressed oops)
# Failed to write core dump. Minidumps are not enabled by default on client versions of Windows
#

---------------  T H R E A D  ---------------

Current thread (0x0000000008a27000):  JavaThread "C2 CompilerThread1" daemon [_thread_in_native, id=28696, stack(0x000000000b430000,0x000000000b530000)]

Stack: [0x000000000b430000,0x000000000b530000]
[error occurred during error reporting (printing stack bounds), id 0xc0000005]


[error occurred during error reporting (printing native stack), id 0xc0000005]


Current CompileTask:
C2:   2841  333             com.android.dx.ssa.back.FirstFitLocalCombiningAllocator::handleNormalUnassociated (99 bytes)


---------------  P R O C E S S  ---------------

Java Threads: ( => current thread )
  0x0000000008a29000 JavaThread "Service Thread" daemon [_thread_blocked, id=22340, stack(0x000000000b550000,0x000000000b650000)]
=>0x0000000008a27000 JavaThread "C2 CompilerThread1" daemon [_thread_in_native, id=28696, stack(0x000000000b430000,0x000000000b530000)]
  0x0000000008a23000 JavaThread "C2 CompilerThread0" daemon [_thread_in_native, id=28104, stack(0x000000000b330000,0x000000000b430000)]
  0x0000000008a22000 JavaThread "Attach Listener" daemon [_thread_blocked, id=20008, stack(0x000000000b230000,0x000000000b330000)]
  0x0000000008a20000 JavaThread "Signal Dispatcher" daemon [_thread_blocked, id=9768, stack(0x000000000af70000,0x000000000b070000)]
  0x00000000021a9000 JavaThread "Finalizer" daemon [_thread_blocked, id=26436, stack(0x000000000aa50000,0x000000000ab50000)]
  0x00000000021a6000 JavaThread "Reference Handler" daemon [_thread_blocked, id=22504, stack(0x000000000ad80000,0x000000000ae80000)]
  0x00000000003de800 JavaThread "main" [_thread_in_vm, id=28112, stack(0x0000000002440000,0x0000000002540000)]

Other Threads:
  0x0000000009a83800 VMThread [stack: 0x000000000ab80000,0x000000000ac80000] [id=23588]
  0x0000000009ada000 WatcherThread [stack: 0x000000000ac80000,0x000000000ad80000] [id=25204]

VM state:not at safepoint (normal execution)

VM Mutex/Monitor currently owned by a thread: None

Heap
 PSYoungGen      total 70656K, used 6403K [0x00000000eaa80000, 0x00000000ef480000, 0x0000000100000000)
  eden space 65536K, 1% used [0x00000000eaa80000,0x00000000eabc31a8,0x00000000eea80000)
  from space 5120K, 99% used [0x00000000eef80000,0x00000000ef47db90,0x00000000ef480000)
  to   space 5120K, 0% used [0x00000000eea80000,0x00000000eea80000,0x00000000eef80000)
 ParOldGen       total 84992K, used 6765K [0x00000000c0000000, 0x00000000c5300000, 0x00000000eaa80000)
  object space 84992K, 7% used [0x00000000c0000000,0x00000000c069b488,0x00000000c5300000)
 PSPermGen       total 21504K, used 5604K [0x00000000bae00000, 0x00000000bc300000, 0x00000000c0000000)
  object space 21504K, 26% used [0x00000000bae00000,0x00000000bb379030,0x00000000bc300000)

Card table byte_map: [0x0000000005540000,0x0000000005770000] byte_map_base: 0x0000000004f69000

Polling page: 0x0000000000130000

Code Cache  [0x0000000002540000, 0x00000000027b0000, 0x0000000005540000)
 total_blobs=568 nmethods=334 adapters=186 free_code_cache=47865Kb largest_free_block=48986048

Compilation events (10 events):
Event: 2.587 Thread 0x0000000008a27000 nmethod 330 0x0000000002660250 code [0x00000000026603c0, 0x0000000002660788]
Event: 2.587 Thread 0x0000000008a27000  331             com.android.dx.ssa.back.InterferenceGraph::add (46 bytes)
Event: 2.601 Thread 0x0000000008a27000 nmethod 331 0x000000000267bed0 code [0x000000000267c080, 0x000000000267c988]
Event: 2.602 Thread 0x0000000008a27000  332   !         com.android.dx.cf.code.BaseMachine::arg (36 bytes)
Event: 2.602 Thread 0x0000000008a27000 nmethod 332 0x000000000267bc10 code [0x000000000267bd40, 0x000000000267bdd8]
Event: 2.602 Thread 0x0000000008a27000  333             com.android.dx.ssa.back.FirstFitLocalCombiningAllocator::handleNormalUnassociated (99 bytes)
Event: 2.835 Thread 0x0000000008a23000 nmethod 326 0x0000000002685850 code [0x0000000002685ae0, 0x0000000002686a70]
Event: 2.835 Thread 0x0000000008a23000  334   !         com.android.dx.cf.code.Simulator::simulate (74 bytes)
Event: 2.840 Thread 0x0000000008a23000 nmethod 334 0x0000000002681e90 code [0x0000000002682000, 0x0000000002682198]
Event: 2.840 Thread 0x0000000008a23000  335             com.android.dx.cf.direct.DirectClassFile::getBytes (5 bytes)

GC Heap History (4 events):
Event: 1.733 GC heap before
{Heap before GC invocations=1 (full 0):
 PSYoungGen      total 37888K, used 32768K [0x00000000eaa80000, 0x00000000ed480000, 0x0000000100000000)
  eden space 32768K, 100% used [0x00000000eaa80000,0x00000000eca80000,0x00000000eca80000)
  from space 5120K, 0% used [0x00000000ecf80000,0x00000000ecf80000,0x00000000ed480000)
  to   space 5120K, 0% used [0x00000000eca80000,0x00000000eca80000,0x00000000ecf80000)
 ParOldGen       total 84992K, used 0K [0x00000000c0000000, 0x00000000c5300000, 0x00000000eaa80000)
  object space 84992K, 0% used [0x00000000c0000000,0x00000000c0000000,0x00000000c5300000)
 PSPermGen       total 21504K, used 5522K [0x00000000bae00000, 0x00000000bc300000, 0x00000000c0000000)
  object space 21504K, 25% used [0x00000000bae00000,0x00000000bb3649a8,0x00000000bc300000)
Event: 1.952 GC heap after
Heap after GC invocations=1 (full 0):
 PSYoungGen      total 37888K, used 5099K [0x00000000eaa80000, 0x00000000ef480000, 0x0000000100000000)
  eden space 32768K, 0% used [0x00000000eaa80000,0x00000000eaa80000,0x00000000eca80000)
  from space 5120K, 99% used [0x00000000eca80000,0x00000000ecf7ae80,0x00000000ecf80000)
  to   space 5120K, 0% used [0x00000000eef80000,0x00000000eef80000,0x00000000ef480000)
 ParOldGen       total 84992K, used 1785K [0x00000000c0000000, 0x00000000c5300000, 0x00000000eaa80000)
  object space 84992K, 2% used [0x00000000c0000000,0x00000000c01be618,0x00000000c5300000)
 PSPermGen       total 21504K, used 5522K [0x00000000bae00000, 0x00000000bc300000, 0x00000000c0000000)
  object space 21504K, 25% used [0x00000000bae00000,0x00000000bb3649a8,0x00000000bc300000)
}
Event: 2.638 GC heap before
{Heap before GC invocations=2 (full 0):
 PSYoungGen      total 37888K, used 37867K [0x00000000eaa80000, 0x00000000ef480000, 0x0000000100000000)
  eden space 32768K, 100% used [0x00000000eaa80000,0x00000000eca80000,0x00000000eca80000)
  from space 5120K, 99% used [0x00000000eca80000,0x00000000ecf7ae80,0x00000000ecf80000)
  to   space 5120K, 0% used [0x00000000eef80000,0x00000000eef80000,0x00000000ef480000)
 ParOldGen       total 84992K, used 1785K [0x00000000c0000000, 0x00000000c5300000, 0x00000000eaa80000)
  object space 84992K, 2% used [0x00000000c0000000,0x00000000c01be618,0x00000000c5300000)
 PSPermGen       total 21504K, used 5604K [0x00000000bae00000, 0x00000000bc300000, 0x00000000c0000000)
  object space 21504K, 26% used [0x00000000bae00000,0x00000000bb379030,0x00000000bc300000)
Event: 2.832 GC heap after
Heap after GC invocations=2 (full 0):
 PSYoungGen      total 70656K, used 5110K [0x00000000eaa80000, 0x00000000ef480000, 0x0000000100000000)
  eden space 65536K, 0% used [0x00000000eaa80000,0x00000000eaa80000,0x00000000eea80000)
  from space 5120K, 99% used [0x00000000eef80000,0x00000000ef47db90,0x00000000ef480000)
  to   space 5120K, 0% used [0x00000000eea80000,0x00000000eea80000,0x00000000eef80000)
 ParOldGen       total 84992K, used 6765K [0x00000000c0000000, 0x00000000c5300000, 0x00000000eaa80000)
  object space 84992K, 7% used [0x00000000c0000000,0x00000000c069b488,0x00000000c5300000)
 PSPermGen       total 21504K, used 5604K [0x00000000bae00000, 0x00000000bc300000, 0x00000000c0000000)
  object space 21504K, 26% used [0x00000000bae00000,0x00000000bb379030,0x00000000bc300000)
}

Deoptimization events (10 events):
Event: 1.247 Thread 0x00000000003de800 Uncommon trap: reason=class_check action=maybe_recompile pc=0x00000000025ccf88 method=com.android.dx.rop.type.Type.equals(Ljava/lang/Object;)Z @ 8
Event: 1.249 Thread 0x00000000003de800 Uncommon trap: reason=class_check action=maybe_recompile pc=0x00000000025ccf88 method=com.android.dx.rop.type.Type.equals(Ljava/lang/Object;)Z @ 8
Event: 1.250 Thread 0x00000000003de800 Uncommon trap: reason=class_check action=maybe_recompile pc=0x00000000025ccf88 method=com.android.dx.rop.type.Type.equals(Ljava/lang/Object;)Z @ 8
Event: 1.251 Thread 0x00000000003de800 Uncommon trap: reason=class_check action=maybe_recompile pc=0x00000000025ccf88 method=com.android.dx.rop.type.Type.equals(Ljava/lang/Object;)Z @ 8
Event: 1.265 Thread 0x00000000003de800 Uncommon trap: reason=null_check action=make_not_entrant pc=0x00000000025df934 method=com.android.dx.rop.type.Type.putIntern(Lcom/android/dx/rop/type/Type;)Lcom/android/dx/rop/type/Type; @ 18
Event: 2.094 Thread 0x00000000003de800 Uncommon trap: reason=unreached action=reinterpret pc=0x00000000025bd184 method=com.android.dx.rop.cst.Constant.compareTo(Lcom/android/dx/rop/cst/Constant;)I @ 12
Event: 2.289 Thread 0x00000000003de800 Uncommon trap: reason=unreached action=reinterpret pc=0x00000000025f6334 method=com.android.dx.ssa.SsaRenamer$BlockRenamer.process()V @ 90
Event: 2.611 Thread 0x00000000003de800 Uncommon trap: reason=unreached action=reinterpret pc=0x0000000002649d9c method=com.android.dx.rop.code.RegisterSpec.intersect(Lcom/android/dx/rop/code/RegisterSpec;Z)Lcom/android/dx/rop/code/RegisterSpec; @ 8
Event: 2.613 Thread 0x00000000003de800 Uncommon trap: reason=bimorphic action=maybe_recompile pc=0x000000000260bdc0 method=java.util.HashMap.put(Ljava/lang/Object;Ljava/lang/Object;)Ljava/lang/Object; @ 83
Event: 2.637 Thread 0x00000000003de800 Uncommon trap: reason=bimorphic action=maybe_recompile pc=0x000000000260bdc0 method=java.util.HashMap.put(Ljava/lang/Object;Ljava/lang/Object;)Ljava/lang/Object; @ 83

Internal exceptions (10 events):
Event: 0.909 Thread 0x00000000003de800 Threw 0x00000000eb67af98 at C:\re\jdk7u67\1368\hotspot\src\share\vm\prims\jvm.cpp:1244
Event: 0.911 Thread 0x00000000003de800 Threw 0x00000000eb680c58 at C:\re\jdk7u67\1368\hotspot\src\share\vm\prims\jvm.cpp:1244
Event: 0.983 Thread 0x00000000003de800 Threw 0x00000000eb7cef30 at C:\re\jdk7u67\1368\hotspot\src\share\vm\prims\jvm.cpp:1244
Event: 1.265 Thread 0x00000000003de800 Implicit null exception at 0x00000000025df22b to 0x00000000025df925
Event: 1.560 Thread 0x00000000003de800 Threw 0x00000000ec4fc488 at C:\re\jdk7u67\1368\hotspot\src\share\vm\prims\jvm.cpp:1244
Event: 1.607 Thread 0x00000000003de800 Threw 0x00000000ec662118 at C:\re\jdk7u67\1368\hotspot\src\share\vm\prims\jvm.cpp:1244
Event: 2.386 Thread 0x00000000003de800 Threw 0x00000000ebbdd620 at C:\re\jdk7u67\1368\hotspot\src\share\vm\prims\jvm.cpp:1244
Event: 2.386 Thread 0x00000000003de800 Threw 0x00000000ebbdf928 at C:\re\jdk7u67\1368\hotspot\src\share\vm\prims\jvm.cpp:1244
Event: 2.388 Thread 0x00000000003de800 Threw 0x00000000ebbee3f8 at C:\re\jdk7u67\1368\hotspot\src\share\vm\prims\jvm.cpp:1244
Event: 2.543 Thread 0x00000000003de800 Threw 0x00000000ec3d3550 at C:\re\jdk7u67\1368\hotspot\src\share\vm\prims\jvm.cpp:1244

Events (10 events):
Event: 2.611 Thread 0x00000000003de800 DEOPT PACKING pc=0x0000000002649d9c sp=0x000000000253e8e0
Event: 2.611 Thread 0x00000000003de800 DEOPT UNPACKING pc=0x00000000025775a4 sp=0x000000000253e7d0 mode 2
Event: 2.613 Thread 0x00000000003de800 Uncommon trap: trap_request=0xffffffc6 fr.pc=0x000000000260bdc0
Event: 2.613 Thread 0x00000000003de800 DEOPT PACKING pc=0x000000000260bdc0 sp=0x000000000253e850
Event: 2.613 Thread 0x00000000003de800 DEOPT UNPACKING pc=0x00000000025775a4 sp=0x000000000253e7f8 mode 2
Event: 2.637 Thread 0x00000000003de800 Uncommon trap: trap_request=0xffffffc6 fr.pc=0x000000000260bdc0
Event: 2.637 Thread 0x00000000003de800 DEOPT PACKING pc=0x000000000260bdc0 sp=0x000000000253e850
Event: 2.637 Thread 0x00000000003de800 DEOPT UNPACKING pc=0x00000000025775a4 sp=0x000000000253e7f8 mode 2
Event: 2.637 Executing VM operation: ParallelGCFailedAllocation
Event: 2.832 Executing VM operation: ParallelGCFailedAllocation done


Dynamic libraries:
0x000000013ff30000 - 0x000000013ff63000 	C:\Program Files\Java\jdk1.7.0_67\bin\java.exe
0x0000000077560000 - 0x0000000077709000 	C:\Windows\SYSTEM32\ntdll.dll
0x0000000077440000 - 0x000000007755f000 	C:\Windows\system32\kernel32.dll
0x000007fefd3e0000 - 0x000007fefd44c000 	C:\Windows\system32\KERNELBASE.dll
0x000007fefdec0000 - 0x000007fefdf9b000 	C:\Windows\system32\ADVAPI32.dll
0x000007fefe580000 - 0x000007fefe61f000 	C:\Windows\system32\msvcrt.dll
0x000007fefe970000 - 0x000007fefe98f000 	C:\Windows\SYSTEM32\sechost.dll
0x000007fefe6e0000 - 0x000007fefe80d000 	C:\Windows\system32\RPCRT4.dll
0x0000000077340000 - 0x000000007743a000 	C:\Windows\system32\USER32.dll
0x000007feff720000 - 0x000007feff787000 	C:\Windows\system32\GDI32.dll
0x000007fefe620000 - 0x000007fefe62e000 	C:\Windows\system32\LPK.dll
0x000007fefe180000 - 0x000007fefe249000 	C:\Windows\system32\USP10.dll
0x000007fefa9e0000 - 0x000007fefabd4000 	C:\Windows\WinSxS\amd64_microsoft.windows.common-controls_6595b64144ccf1df_6.0.7601.18837_none_fa3b1e3d17594757\COMCTL32.dll
0x000007fefd860000 - 0x000007fefd8d1000 	C:\Windows\system32\SHLWAPI.dll
0x000007fefe830000 - 0x000007fefe85e000 	C:\Windows\system32\IMM32.DLL
0x000007fefe860000 - 0x000007fefe969000 	C:\Windows\system32\MSCTF.dll
0x000007fefd250000 - 0x000007fefd27f000 	C:\Windows\system32\nvinitx.dll
0x000007fefd240000 - 0x000007fefd24c000 	C:\Windows\system32\VERSION.dll
0x000000000f000000 - 0x000000000f006000 	C:\Program Files\NVIDIA Corporation\CoProcManager\detoured.dll
0x000007fef3c70000 - 0x000007fef3ca3000 	C:\Program Files\NVIDIA Corporation\CoProcManager\nvd3d9wrapx.dll
0x000007fefdfa0000 - 0x000007fefe177000 	C:\Windows\system32\SETUPAPI.dll
0x000007fefd4a0000 - 0x000007fefd4d6000 	C:\Windows\system32\CFGMGR32.dll
0x000007feff790000 - 0x000007feff867000 	C:\Windows\system32\OLEAUT32.dll
0x000007fefe370000 - 0x000007fefe573000 	C:\Windows\system32\ole32.dll
0x000007fefd4e0000 - 0x000007fefd4fa000 	C:\Windows\system32\DEVOBJ.dll
0x000007fef3ba0000 - 0x000007fef3bc3000 	C:\Program Files\NVIDIA Corporation\CoProcManager\nvdxgiwrapx.dll
0x00000000501b0000 - 0x0000000050282000 	C:\Program Files\Java\jdk1.7.0_67\jre\bin\msvcr100.dll
0x000000006ea60000 - 0x000000006f232000 	C:\Program Files\Java\jdk1.7.0_67\jre\bin\server\jvm.dll
0x000007fef69b0000 - 0x000007fef69b9000 	C:\Windows\system32\WSOCK32.dll
0x000007fefe690000 - 0x000007fefe6dd000 	C:\Windows\system32\WS2_32.dll
0x000007fefdeb0000 - 0x000007fefdeb8000 	C:\Windows\system32\NSI.dll
0x000007fefbcb0000 - 0x000007fefbceb000 	C:\Windows\system32\WINMM.dll
0x0000000077720000 - 0x0000000077727000 	C:\Windows\system32\PSAPI.DLL
0x00000000688f0000 - 0x00000000688ff000 	C:\Program Files\Java\jdk1.7.0_67\jre\bin\verify.dll
0x0000000067e30000 - 0x0000000067e58000 	C:\Program Files\Java\jdk1.7.0_67\jre\bin\java.dll
0x0000000067e70000 - 0x0000000067e85000 	C:\Program Files\Java\jdk1.7.0_67\jre\bin\zip.dll
0x0000000067cb0000 - 0x0000000067cc9000 	C:\Program Files\Java\jdk1.7.0_67\jre\bin\net.dll
0x000007fefca50000 - 0x000007fefcaa5000 	C:\Windows\system32\mswsock.dll
0x000007fefcb80000 - 0x000007fefcb87000 	C:\Windows\System32\wship6.dll
0x0000000067cd0000 - 0x0000000067ce1000 	C:\Program Files\Java\jdk1.7.0_67\jre\bin\nio.dll

VM Arguments:
jvm_args: -Xmx1024M -Dfile.encoding=windows-1252 -Duser.country=MX -Duser.language=es -Duser.variant 
java_command: com.android.dx.command.Main --dex --output C:\Users\cevelez\AndroidStudioProjects\izzi\app\build\intermediates\pre-dexed\debug\classes-c54ed6620aa9f1d24d32cc04c02f8b71798d28ec.jar C:\Users\cevelez\AndroidStudioProjects\izzi\app\build\intermediates\exploded-aar\com.android.support\support-v4\22.2.0\classes.jar
Launcher Type: SUN_STANDARD

Environment Variables:
JAVA_HOME=C:\Program Files\Java\jdk1.7.0_67
CLASSPATH=;.
PATH=C:\Program Files (x86)\HP SimplePass\x64;C:\Program Files (x86)\HP SimplePass\;;C:\Program Files (x86)\Intel\iCLS Client\;C:\Program Files\Intel\iCLS Client\;C:\Program Files (x86)\NVIDIA Corporation\PhysX\Common;C:\Program Files\Common Files\Microsoft Shared\Windows Live;C:\Program Files (x86)\Common Files\Microsoft Shared\Windows Live;C:\Windows\system32;C:\Windows;C:\Windows\System32\Wbem;C:\Windows\System32\WindowsPowerShell\v1.0\;C:\Program Files\Java\jdk1.7.0_67\bin;C:\Program Files\Intel\Intel(R) Management Engine Components\DAL;C:\Program Files\Intel\Intel(R) Management Engine Components\IPT;C:\Program Files (x86)\Intel\Intel(R) Management Engine Components\DAL;C:\Program Files (x86)\Intel\Intel(R) Management Engine Components\IPT;C:\Program Files (x86)\Microsoft SQL Server\100\Tools\Binn\;C:\Program Files\Microsoft SQL Server\100\Tools\Binn\;C:\Program Files\Microsoft SQL Server\100\DTS\Binn\;C:\Program Files\TortoiseSVN\bin;C:\Program Files (x86)\VisualSVN\bin;C:\Program Files\Intel\WiFi\bin\;C:\Program Files\Common Files\Intel\WirelessCommon\;C:\Program Files (x86)\Skype\Phone\;C:\Program Files\Intel\WiFi\bin\;C:\Program Files\Common Files\Intel\WirelessCommon\
USERNAME=cevelez
OS=Windows_NT
PROCESSOR_IDENTIFIER=Intel64 Family 6 Model 60 Stepping 3, GenuineIntel



---------------  S Y S T E M  ---------------

OS: Windows 7 , 64 bit Build 7601 Service Pack 1

CPU:total 8 (4 cores per cpu, 2 threads per core) family 6 model 60 stepping 3, cmov, cx8, fxsr, mmx, sse, sse2, sse3, ssse3, sse4.1, sse4.2, popcnt, avx, avx2, aes, erms, ht, tsc, tscinvbit

Memory: 4k page, physical 8184944k(546492k free), swap 17791112k(5136k free)

vm_info: Java HotSpot(TM) 64-Bit Server VM (24.65-b04) for windows-amd64 JRE (1.7.0_67-b01), built on Jul 25 2014 08:55:00 by "java_re" with unknown MS VC++:1600

time: Fri Jun 19 19:23:18 2015
elapsed time: 2 seconds

