#
# A fatal error has been detected by the Java Runtime Environment:
#
#  EXCEPTION_ACCESS_VIOLATION (0xc0000005) at pc=0x000000006ec2d647, pid=29236, tid=17564
#
# JRE version: Java(TM) SE Runtime Environment (7.0_67-b01) (build 1.7.0_67-b01)
# Java VM: Java HotSpot(TM) 64-Bit Server VM (24.65-b04 mixed mode windows-amd64 compressed oops)
# Problematic frame:
# V  [jvm.dll+0x1cd647]
#
# Failed to write core dump. Minidumps are not enabled by default on client versions of Windows
#
# If you would like to submit a bug report, please visit:
#   http://bugreport.sun.com/bugreport/crash.jsp
#

---------------  T H R E A D  ---------------

Current thread (0x000000000023e800):  JavaThread "main" [_thread_in_vm, id=17564, stack(0x00000000021b0000,0x00000000022b0000)]

siginfo: ExceptionCode=0xc0000005, writing address 0x00000000022a4e60

Registers:
RAX=0x00000000022a4e60, RBX=0x0000000000000007, RCX=0x0000000000006000, RDX=0x00000000021b9160
RSP=0x00000000022aae60, RBP=0x0000000000000000, RSI=0x00000000022aae60, RDI=0x0000000000000007
R8 =0x0000000000000009, R9 =0x000000000023e800, R10=0x00000000022ab008, R11=0x00000000022ab020
R12=0x00000000022ab020, R13=0x00000000022aaf10, R14=0x00000000022ab030, R15=0x00000000022c0840
RIP=0x000000006ec2d647, EFLAGS=0x0000000000010206

Top of Stack: (sp=0x00000000022aae60)
0x00000000022aae60:   000000000023f5c8 0000000002046e10
0x00000000022aae70:   0000000000000005 0000000000000000
0x00000000022aae80:   0000000000000000 000000006ec2e18a
0x00000000022aae90:   00000000022ab100 000000000023f5c8
0x00000000022aaea0:   000000000023e800 000000000023e800
0x00000000022aaeb0:   00000000000003d8 000000000023f5b8
0x00000000022aaec0:   00000000bb0458a8 000000006eca7698
0x00000000022aaed0:   00000000bb044d01 000000000023e800
0x00000000022aaee0:   0000000000000012 000000000023e800
0x00000000022aaef0:   000000000023e170 000000006ec5a564
0x00000000022aaf00:   0000019730500822 000000000023f5e8
0x00000000022aaf10:   0000000000000000 00000000022ab220
0x00000000022aaf20:   00000000022aafd0 000000006eaadd85
0x00000000022aaf30:   0000000000000000 0000000002046e10
0x00000000022aaf40:   0000000000000001 00000000022ab400
0x00000000022aaf50:   0000000000000001 0000000008818700 

Instructions: (pc=0x000000006ec2d647)
0x000000006ec2d627:   48 89 6c 24 30 33 ed 66 90 e8 3b b4 07 00 ff c3
0x000000006ec2d637:   48 63 c8 48 8b c6 48 0f af cf 48 ff c7 48 2b c1
0x000000006ec2d647:   89 28 48 63 c3 48 3b 05 dd c0 52 00 7e db 48 8b
0x000000006ec2d657:   6c 24 30 48 8b 5c 24 38 48 8b 74 24 40 48 83 c4 


Register to memory mapping:

RAX=0x00000000022a4e60 is pointing into the stack for thread: 0x000000000023e800
RBX=0x0000000000000007 is an unknown value
RCX=0x0000000000006000 is an unknown value
RDX=0x00000000021b9160 is pointing into the stack for thread: 0x000000000023e800
RSP=0x00000000022aae60 is pointing into the stack for thread: 0x000000000023e800
RBP=0x0000000000000000 is an unknown value
RSI=0x00000000022aae60 is pointing into the stack for thread: 0x000000000023e800
RDI=0x0000000000000007 is an unknown value
R8 =0x0000000000000009 is an unknown value
R9 =0x000000000023e800 is a thread
R10=0x00000000022ab008 is pointing into the stack for thread: 0x000000000023e800
R11=0x00000000022ab020 is pointing into the stack for thread: 0x000000000023e800
R12=0x00000000022ab020 is pointing into the stack for thread: 0x000000000023e800
R13=0x00000000022aaf10 is pointing into the stack for thread: 0x000000000023e800
R14=0x00000000022ab030 is pointing into the stack for thread: 0x000000000023e800
R15=0x00000000022c0840 is at code_begin+0 in an Interpreter codelet
method entry point (kind = zerolocals)  [0x00000000022c0840, 0x00000000022c0b40]  768 bytes


Stack: [0x00000000021b0000,0x00000000022b0000],  sp=0x00000000022aae60,  free space=1003k
Native frames: (J=compiled Java code, j=interpreted, Vv=VM code, C=native code)
V  [jvm.dll+0x1cd647]

[error occurred during error reporting (printing native stack), id 0xc0000005]

