#
# There is insufficient memory for the Java Runtime Environment to continue.
# Native memory allocation (malloc) failed to allocate 977296 bytes for Chunk::new
# Possible reasons:
#   The system is out of physical RAM or swap space
#   In 32 bit mode, the process size limit was hit
# Possible solutions:
#   Reduce memory load on the system
#   Increase physical memory or swap space
#   Check if swap backing store is full
#   Use 64 bit Java on a 64 bit OS
#   Decrease Java heap size (-Xmx/-Xms)
#   Decrease number of Java threads
#   Decrease Java thread stack sizes (-Xss)
#   Set larger code cache with -XX:ReservedCodeCacheSize=
# This output file may be truncated or incomplete.
#
#  Out of Memory Error (allocation.cpp:323), pid=26064, tid=30116
#
# JRE version: Java(TM) SE Runtime Environment (7.0_67-b01) (build 1.7.0_67-b01)
# Java VM: Java HotSpot(TM) 64-Bit Server VM (24.65-b04 mixed mode windows-amd64 compressed oops)
# Failed to write core dump. Minidumps are not enabled by default on client versions of Windows
#

---------------  T H R E A D  ---------------

Current thread (0x00000000089f6800):  JavaThread "C2 CompilerThread0" daemon [_thread_in_native, id=30116, stack(0x000000000b360000,0x000000000b460000)]

Stack: [0x000000000b360000,0x000000000b460000]
[error occurred during error reporting (printing stack bounds), id 0xc0000005]


[error occurred during error reporting (printing native stack), id 0xc0000005]


Current CompileTask:
C2:   4903  183             com.android.dx.ssa.Dominators::run (506 bytes)


---------------  P R O C E S S  ---------------

Java Threads: ( => current thread )
  0x0000000009aa0000 JavaThread "Service Thread" daemon [_thread_blocked, id=14788, stack(0x000000000b230000,0x000000000b330000)]
  0x00000000089fd800 JavaThread "C2 CompilerThread1" daemon [_thread_in_native, id=16532, stack(0x000000000b530000,0x000000000b630000)]
=>0x00000000089f6800 JavaThread "C2 CompilerThread0" daemon [_thread_in_native, id=30116, stack(0x000000000b360000,0x000000000b460000)]
  0x00000000089f5000 JavaThread "Attach Listener" daemon [_thread_blocked, id=25824, stack(0x000000000b0b0000,0x000000000b1b0000)]
  0x00000000089f3000 JavaThread "Signal Dispatcher" daemon [_thread_blocked, id=8320, stack(0x000000000a9d0000,0x000000000aad0000)]
  0x000000000220d800 JavaThread "Finalizer" daemon [_thread_blocked, id=30120, stack(0x000000000ae80000,0x000000000af80000)]
  0x0000000002207800 JavaThread "Reference Handler" daemon [_thread_blocked, id=20660, stack(0x000000000acd0000,0x000000000add0000)]
  0x000000000210e800 JavaThread "main" [_thread_in_Java, id=19420, stack(0x0000000002240000,0x0000000002340000)]

Other Threads:
  0x00000000089dd800 VMThread [stack: 0x000000000aae0000,0x000000000abe0000] [id=30960]
  0x0000000009ab9000 WatcherThread [stack: 0x000000000b630000,0x000000000b730000] [id=26992]

VM state:not at safepoint (normal execution)

VM Mutex/Monitor currently owned by a thread: None

Heap
 PSYoungGen      total 37888K, used 24566K [0x00000000eaa80000, 0x00000000ed480000, 0x0000000100000000)
  eden space 32768K, 74% used [0x00000000eaa80000,0x00000000ec27dae8,0x00000000eca80000)
  from space 5120K, 0% used [0x00000000ecf80000,0x00000000ecf80000,0x00000000ed480000)
  to   space 5120K, 0% used [0x00000000eca80000,0x00000000eca80000,0x00000000ecf80000)
 ParOldGen       total 84992K, used 0K [0x00000000c0000000, 0x00000000c5300000, 0x00000000eaa80000)
  object space 84992K, 0% used [0x00000000c0000000,0x00000000c0000000,0x00000000c5300000)
 PSPermGen       total 21504K, used 5401K [0x00000000bae00000, 0x00000000bc300000, 0x00000000c0000000)
  object space 21504K, 25% used [0x00000000bae00000,0x00000000bb346768,0x00000000bc300000)

Card table byte_map: [0x0000000005400000,0x0000000005630000] byte_map_base: 0x0000000004e29000

Polling page: 0x0000000000420000

Code Cache  [0x0000000002340000, 0x00000000025b0000, 0x0000000005340000)
 total_blobs=422 nmethods=188 adapters=186 free_code_cache=48348Kb largest_free_block=49479616

Compilation events (10 events):
Event: 4.777 Thread 0x00000000089f6800 nmethod 182 0x00000000023f2050 code [0x00000000023f21e0, 0x00000000023f2a38]
Event: 4.777 Thread 0x00000000089f6800  183             com.android.dx.ssa.Dominators::run (506 bytes)
Event: 4.819 Thread 0x00000000089fd800 nmethod 180 0x0000000002406450 code [0x0000000002406720, 0x0000000002407988]
Event: 4.820 Thread 0x00000000089fd800  184             com.android.dx.ssa.Dominators::compress (229 bytes)
Event: 4.859 Thread 0x00000000089fd800 nmethod 184 0x0000000002403690 code [0x0000000002403900, 0x0000000002404680]
Event: 4.859 Thread 0x00000000089fd800  185             com.android.dx.rop.code.RegisterSpec::withReg (23 bytes)
Event: 4.859 Thread 0x00000000089fd800 nmethod 185 0x00000000023f39d0 code [0x00000000023f3b20, 0x00000000023f3ba8]
Event: 4.859 Thread 0x00000000089fd800  186             com.android.dx.ssa.SCCP::run (298 bytes)
Event: 4.893 Thread 0x00000000089fd800 nmethod 186 0x000000000240dd10 code [0x000000000240df80, 0x000000000240eb30]
Event: 4.893 Thread 0x00000000089fd800  187 %           com.android.dx.ssa.SsaMethod::forEachInsn @ 8 (36 bytes)

GC Heap History (0 events):
No events

Deoptimization events (8 events):
Event: 2.400 Thread 0x000000000210e800 Uncommon trap: reason=null_check action=make_not_entrant pc=0x00000000023c3a0c method=com.android.dx.rop.code.LocalItem.equals(Ljava/lang/Object;)Z @ 1
Event: 3.169 Thread 0x000000000210e800 Uncommon trap: reason=unreached action=reinterpret pc=0x00000000023cdd20 method=com.android.dx.rop.code.RegisterSpec.intersect(Lcom/android/dx/rop/code/RegisterSpec;Z)Lcom/android/dx/rop/code/RegisterSpec; @ 8
Event: 3.196 Thread 0x000000000210e800 Uncommon trap: reason=class_check action=maybe_recompile pc=0x00000000023b6904 method=com.android.dx.ssa.NormalSsaInsn.accept(Lcom/android/dx/ssa/SsaInsn$Visitor;)V @ 9
Event: 3.196 Thread 0x000000000210e800 Uncommon trap: reason=class_check action=maybe_recompile pc=0x00000000023b0aac method=com.android.dx.ssa.NormalSsaInsn.accept(Lcom/android/dx/ssa/SsaInsn$Visitor;)V @ 9
Event: 3.196 Thread 0x000000000210e800 Uncommon trap: reason=class_check action=maybe_recompile pc=0x00000000023b0aac method=com.android.dx.ssa.NormalSsaInsn.accept(Lcom/android/dx/ssa/SsaInsn$Visitor;)V @ 9
Event: 3.197 Thread 0x000000000210e800 Uncommon trap: reason=class_check action=maybe_recompile pc=0x00000000023b6904 method=com.android.dx.ssa.NormalSsaInsn.accept(Lcom/android/dx/ssa/SsaInsn$Visitor;)V @ 9
Event: 3.197 Thread 0x000000000210e800 Uncommon trap: reason=class_check action=maybe_recompile pc=0x00000000023b0aac method=com.android.dx.ssa.NormalSsaInsn.accept(Lcom/android/dx/ssa/SsaInsn$Visitor;)V @ 9
Event: 4.034 Thread 0x000000000210e800 Uncommon trap: reason=predicate action=maybe_recompile pc=0x00000000023d22e4 method=java.util.ArrayList.remove(Ljava/lang/Object;)Z @ 49

Internal exceptions (10 events):
Event: 1.732 Thread 0x000000000210e800 Threw 0x00000000eb238cf8 at C:\re\jdk7u67\1368\hotspot\src\share\vm\prims\jvm.cpp:1244
Event: 1.746 Thread 0x000000000210e800 Threw 0x00000000eb25cd68 at C:\re\jdk7u67\1368\hotspot\src\share\vm\prims\jvm.cpp:1244
Event: 1.772 Thread 0x000000000210e800 Threw 0x00000000eb271400 at C:\re\jdk7u67\1368\hotspot\src\share\vm\prims\jvm.cpp:1244
Event: 1.825 Thread 0x000000000210e800 Threw 0x00000000eb2e6550 at C:\re\jdk7u67\1368\hotspot\src\share\vm\prims\jvm.cpp:1244
Event: 1.881 Thread 0x000000000210e800 Threw 0x00000000eb37b678 at C:\re\jdk7u67\1368\hotspot\src\share\vm\prims\jvm.cpp:1244
Event: 2.047 Thread 0x000000000210e800 Threw 0x00000000eb4d23a8 at C:\re\jdk7u67\1368\hotspot\src\share\vm\prims\jvm.cpp:1244
Event: 2.240 Thread 0x000000000210e800 Threw 0x00000000eb5df3d0 at C:\re\jdk7u67\1368\hotspot\src\share\vm\prims\jvm.cpp:1244
Event: 2.241 Thread 0x000000000210e800 Threw 0x00000000eb5e2cf8 at C:\re\jdk7u67\1368\hotspot\src\share\vm\prims\jvm.cpp:1244
Event: 2.297 Thread 0x000000000210e800 Threw 0x00000000eb61f888 at C:\re\jdk7u67\1368\hotspot\src\share\vm\prims\jvm.cpp:1244
Event: 2.400 Thread 0x000000000210e800 Implicit null exception at 0x00000000023c3600 to 0x00000000023c39f9

Events (10 events):
Event: 3.197 Thread 0x000000000210e800 DEOPT PACKING pc=0x00000000023b6904 sp=0x000000000233eba0
Event: 3.197 Thread 0x000000000210e800 DEOPT UNPACKING pc=0x00000000023775a4 sp=0x000000000233ea90 mode 2
Event: 3.197 Thread 0x000000000210e800 Uncommon trap: trap_request=0xffffffde fr.pc=0x00000000023b0aac
Event: 3.197 Thread 0x000000000210e800 DEOPT PACKING pc=0x00000000023b0aac sp=0x000000000233eb30
Event: 3.197 Thread 0x000000000210e800 DEOPT UNPACKING pc=0x00000000023775a4 sp=0x000000000233ea80 mode 2
Event: 4.034 Thread 0x000000000210e800 Uncommon trap: trap_request=0xffffff86 fr.pc=0x00000000023d22e4
Event: 4.034 Thread 0x000000000210e800 DEOPT PACKING pc=0x00000000023d22e4 sp=0x000000000233ebf0
Event: 4.034 Thread 0x000000000210e800 DEOPT UNPACKING pc=0x00000000023775a4 sp=0x000000000233ebb8 mode 2
Event: 4.737 Executing VM operation: EnableBiasedLocking
Event: 4.737 Executing VM operation: EnableBiasedLocking done


Dynamic libraries:
0x000000013ff30000 - 0x000000013ff63000 	C:\Program Files\Java\jdk1.7.0_67\bin\java.exe
0x0000000077560000 - 0x0000000077709000 	C:\Windows\SYSTEM32\ntdll.dll
0x0000000077440000 - 0x000000007755f000 	C:\Windows\system32\kernel32.dll
0x000007fefd3e0000 - 0x000007fefd44c000 	C:\Windows\system32\KERNELBASE.dll
0x000007fefdec0000 - 0x000007fefdf9b000 	C:\Windows\system32\ADVAPI32.dll
0x000007fefe580000 - 0x000007fefe61f000 	C:\Windows\system32\msvcrt.dll
0x000007fefe970000 - 0x000007fefe98f000 	C:\Windows\SYSTEM32\sechost.dll
0x000007fefe6e0000 - 0x000007fefe80d000 	C:\Windows\system32\RPCRT4.dll
0x0000000077340000 - 0x000000007743a000 	C:\Windows\system32\USER32.dll
0x000007feff720000 - 0x000007feff787000 	C:\Windows\system32\GDI32.dll
0x000007fefe620000 - 0x000007fefe62e000 	C:\Windows\system32\LPK.dll
0x000007fefe180000 - 0x000007fefe249000 	C:\Windows\system32\USP10.dll
0x000007fefa9e0000 - 0x000007fefabd4000 	C:\Windows\WinSxS\amd64_microsoft.windows.common-controls_6595b64144ccf1df_6.0.7601.18837_none_fa3b1e3d17594757\COMCTL32.dll
0x000007fefd860000 - 0x000007fefd8d1000 	C:\Windows\system32\SHLWAPI.dll
0x000007fefe830000 - 0x000007fefe85e000 	C:\Windows\system32\IMM32.DLL
0x000007fefe860000 - 0x000007fefe969000 	C:\Windows\system32\MSCTF.dll
0x000007fefd250000 - 0x000007fefd27f000 	C:\Windows\system32\nvinitx.dll
0x000007fefd240000 - 0x000007fefd24c000 	C:\Windows\system32\VERSION.dll
0x000000000f000000 - 0x000000000f006000 	C:\Program Files\NVIDIA Corporation\CoProcManager\detoured.dll
0x000007fef3c70000 - 0x000007fef3ca3000 	C:\Program Files\NVIDIA Corporation\CoProcManager\nvd3d9wrapx.dll
0x000007fefdfa0000 - 0x000007fefe177000 	C:\Windows\system32\SETUPAPI.dll
0x000007fefd4a0000 - 0x000007fefd4d6000 	C:\Windows\system32\CFGMGR32.dll
0x000007feff790000 - 0x000007feff867000 	C:\Windows\system32\OLEAUT32.dll
0x000007fefe370000 - 0x000007fefe573000 	C:\Windows\system32\ole32.dll
0x000007fefd4e0000 - 0x000007fefd4fa000 	C:\Windows\system32\DEVOBJ.dll
0x000007fef3ba0000 - 0x000007fef3bc3000 	C:\Program Files\NVIDIA Corporation\CoProcManager\nvdxgiwrapx.dll
0x00000000501b0000 - 0x0000000050282000 	C:\Program Files\Java\jdk1.7.0_67\jre\bin\msvcr100.dll
0x000000006ea60000 - 0x000000006f232000 	C:\Program Files\Java\jdk1.7.0_67\jre\bin\server\jvm.dll
0x000007fef69b0000 - 0x000007fef69b9000 	C:\Windows\system32\WSOCK32.dll
0x000007fefe690000 - 0x000007fefe6dd000 	C:\Windows\system32\WS2_32.dll
0x000007fefdeb0000 - 0x000007fefdeb8000 	C:\Windows\system32\NSI.dll
0x000007fefbcb0000 - 0x000007fefbceb000 	C:\Windows\system32\WINMM.dll
0x0000000077720000 - 0x0000000077727000 	C:\Windows\system32\PSAPI.DLL
0x00000000688f0000 - 0x00000000688ff000 	C:\Program Files\Java\jdk1.7.0_67\jre\bin\verify.dll
0x0000000067e30000 - 0x0000000067e58000 	C:\Program Files\Java\jdk1.7.0_67\jre\bin\java.dll
0x0000000067e70000 - 0x0000000067e85000 	C:\Program Files\Java\jdk1.7.0_67\jre\bin\zip.dll
0x0000000067cb0000 - 0x0000000067cc9000 	C:\Program Files\Java\jdk1.7.0_67\jre\bin\net.dll
0x000007fefca50000 - 0x000007fefcaa5000 	C:\Windows\system32\mswsock.dll
0x000007fefcb80000 - 0x000007fefcb87000 	C:\Windows\System32\wship6.dll
0x0000000067cd0000 - 0x0000000067ce1000 	C:\Program Files\Java\jdk1.7.0_67\jre\bin\nio.dll

VM Arguments:
jvm_args: -Xmx1024M -Dfile.encoding=windows-1252 -Duser.country=MX -Duser.language=es -Duser.variant 
java_command: com.android.dx.command.Main --dex --output C:\Users\cevelez\AndroidStudioProjects\izzi\app\build\intermediates\pre-dexed\debug\activeandroid-3.1.0-SNAPSHOT-547e9c83d683f917d30f5fd76f8183670e2a5f73.jar C:\Users\cevelez\.gradle\caches\modules-2\files-2.1\com.michaelpardo\activeandroid\3.1.0-SNAPSHOT\4ab7b0182975bc57c49efc5e0b3baa4a10e4ec08\activeandroid-3.1.0-SNAPSHOT.jar
Launcher Type: SUN_STANDARD

Environment Variables:
JAVA_HOME=C:\Program Files\Java\jdk1.7.0_67
CLASSPATH=;.
PATH=C:\Program Files (x86)\HP SimplePass\x64;C:\Program Files (x86)\HP SimplePass\;;C:\Program Files (x86)\Intel\iCLS Client\;C:\Program Files\Intel\iCLS Client\;C:\Program Files (x86)\NVIDIA Corporation\PhysX\Common;C:\Program Files\Common Files\Microsoft Shared\Windows Live;C:\Program Files (x86)\Common Files\Microsoft Shared\Windows Live;C:\Windows\system32;C:\Windows;C:\Windows\System32\Wbem;C:\Windows\System32\WindowsPowerShell\v1.0\;C:\Program Files\Java\jdk1.7.0_67\bin;C:\Program Files\Intel\Intel(R) Management Engine Components\DAL;C:\Program Files\Intel\Intel(R) Management Engine Components\IPT;C:\Program Files (x86)\Intel\Intel(R) Management Engine Components\DAL;C:\Program Files (x86)\Intel\Intel(R) Management Engine Components\IPT;C:\Program Files (x86)\Microsoft SQL Server\100\Tools\Binn\;C:\Program Files\Microsoft SQL Server\100\Tools\Binn\;C:\Program Files\Microsoft SQL Server\100\DTS\Binn\;C:\Program Files\TortoiseSVN\bin;C:\Program Files (x86)\VisualSVN\bin;C:\Program Files\Intel\WiFi\bin\;C:\Program Files\Common Files\Intel\WirelessCommon\;C:\Program Files (x86)\Skype\Phone\;C:\Program Files\Intel\WiFi\bin\;C:\Program Files\Common Files\Intel\WirelessCommon\
USERNAME=cevelez
OS=Windows_NT
PROCESSOR_IDENTIFIER=Intel64 Family 6 Model 60 Stepping 3, GenuineIntel



---------------  S Y S T E M  ---------------

OS: Windows 7 , 64 bit Build 7601 Service Pack 1

CPU:total 8 (4 cores per cpu, 2 threads per core) family 6 model 60 stepping 3, cmov, cx8, fxsr, mmx, sse, sse2, sse3, ssse3, sse4.1, sse4.2, popcnt, avx, avx2, aes, erms, ht, tsc, tscinvbit

Memory: 4k page, physical 8184944k(546460k free), swap 17791112k(5492k free)

vm_info: Java HotSpot(TM) 64-Bit Server VM (24.65-b04) for windows-amd64 JRE (1.7.0_67-b01), built on Jul 25 2014 08:55:00 by "java_re" with unknown MS VC++:1600

time: Fri Jun 19 19:23:18 2015
elapsed time: 4 seconds

