#
# There is insufficient memory for the Java Runtime Environment to continue.
# Native memory allocation (malloc) failed to allocate 1048576 bytes for AllocateHeap
# Possible reasons:
#   The system is out of physical RAM or swap space
#   In 32 bit mode, the process size limit was hit
# Possible solutions:
#   Reduce memory load on the system
#   Increase physical memory or swap space
#   Check if swap backing store is full
#   Use 64 bit Java on a 64 bit OS
#   Decrease Java heap size (-Xmx/-Xms)
#   Decrease number of Java threads
#   Decrease Java thread stack sizes (-Xss)
#   Set larger code cache with -XX:ReservedCodeCacheSize=
# This output file may be truncated or incomplete.
#
#  Out of Memory Error (memory/allocation.inline.hpp:61), pid=16588, tid=28836
#
# JRE version:  (7.0_67-b01) (build )
# Java VM: Java HotSpot(TM) 64-Bit Server VM (24.65-b04 mixed mode windows-amd64 compressed oops)
# Failed to write core dump. Minidumps are not enabled by default on client versions of Windows
#

---------------  T H R E A D  ---------------

Current thread (0x000000000232e800):  JavaThread "Unknown thread" [_thread_in_vm, id=28836, stack(0x00000000023c0000,0x00000000024c0000)]

Stack: [0x00000000023c0000,0x00000000024c0000]
[error occurred during error reporting (printing stack bounds), id 0xc0000005]


---------------  P R O C E S S  ---------------

Java Threads: ( => current thread )

Other Threads:

=>0x000000000232e800 (exited) JavaThread "Unknown thread" [_thread_in_vm, id=28836, stack(0x00000000023c0000,0x00000000024c0000)]

VM state:not at safepoint (normal execution)

VM Mutex/Monitor currently owned by a thread: None

Heap
 PSYoungGen      total 37888K, used 655K [0x00000000eaa80000, 0x00000000ed480000, 0x0000000100000000)
  eden space 32768K, 2% used [0x00000000eaa80000,0x00000000eab23de0,0x00000000eca80000)
  from space 5120K, 0% used [0x00000000ecf80000,0x00000000ecf80000,0x00000000ed480000)
  to   space 5120K, 0% used [0x00000000eca80000,0x00000000eca80000,0x00000000ecf80000)
 ParOldGen       total 84992K, used 0K [0x00000000c0000000, 0x00000000c5300000, 0x00000000eaa80000)
  object space 84992K, 0% used [0x00000000c0000000,0x00000000c0000000,0x00000000c5300000)
 PSPermGen       total 21504K, used 693K [0x00000000bae00000, 0x00000000bc300000, 0x00000000c0000000)
  object space 21504K, 3% used [0x00000000bae00000,0x00000000baead660,0x00000000bc300000)

Card table byte_map: [0x00000000054c0000,0x00000000056f0000] byte_map_base: 0x0000000004ee9000

Polling page: 0x0000000000120000

Code Cache  [0x00000000024c0000, 0x0000000002730000, 0x00000000054c0000)
 total_blobs=38 nmethods=0 adapters=20 free_code_cache=48889Kb largest_free_block=50062528

Compilation events (0 events):
No events

GC Heap History (0 events):
No events

Deoptimization events (0 events):
No events

Internal exceptions (0 events):
No events

Events (10 events):
Event: 0.090 loading class 0x00000000089203e0
Event: 0.090 loading class 0x00000000089203e0 done
Event: 0.090 loading class 0x0000000008920430
Event: 0.090 loading class 0x0000000008920430 done
Event: 0.090 loading class 0x0000000008920480
Event: 0.091 loading class 0x0000000008920480 done
Event: 0.091 loading class 0x00000000089211e0
Event: 0.091 loading class 0x00000000089211e0 done
Event: 0.091 loading class 0x0000000008920e00
Event: 0.091 loading class 0x0000000008920e00 done


Dynamic libraries:
