#
# There is insufficient memory for the Java Runtime Environment to continue.
# Native memory allocation (malloc) failed to allocate 387296 bytes for Chunk::new
# Possible reasons:
#   The system is out of physical RAM or swap space
#   In 32 bit mode, the process size limit was hit
# Possible solutions:
#   Reduce memory load on the system
#   Increase physical memory or swap space
#   Check if swap backing store is full
#   Use 64 bit Java on a 64 bit OS
#   Decrease Java heap size (-Xmx/-Xms)
#   Decrease number of Java threads
#   Decrease Java thread stack sizes (-Xss)
#   Set larger code cache with -XX:ReservedCodeCacheSize=
# This output file may be truncated or incomplete.
#
#  Out of Memory Error (allocation.cpp:323), pid=7864, tid=13216
#
# JRE version: Java(TM) SE Runtime Environment (7.0_67-b01) (build 1.7.0_67-b01)
# Java VM: Java HotSpot(TM) 64-Bit Server VM (24.65-b04 mixed mode windows-amd64 compressed oops)
# Failed to write core dump. Minidumps are not enabled by default on client versions of Windows
#

---------------  T H R E A D  ---------------

Current thread (0x0000000008a46000):  JavaThread "C2 CompilerThread0" daemon [_thread_in_native, id=13216, stack(0x000000000b390000,0x000000000b490000)]

Stack: [0x000000000b390000,0x000000000b490000]
[error occurred during error reporting (printing stack bounds), id 0xc0000005]


[error occurred during error reporting (printing native stack), id 0xc0000005]


Current CompileTask:
C2:   4556  334             com.android.dx.ssa.back.SsaToRop::convertBasicBlocks (151 bytes)


---------------  P R O C E S S  ---------------

Java Threads: ( => current thread )
  0x0000000009af5000 JavaThread "Service Thread" daemon [_thread_blocked, id=27004, stack(0x000000000b4a0000,0x000000000b5a0000)]
  0x0000000008a4a000 JavaThread "C2 CompilerThread1" daemon [_thread_in_native, id=12688, stack(0x000000000ac00000,0x000000000ad00000)]
=>0x0000000008a46000 JavaThread "C2 CompilerThread0" daemon [_thread_in_native, id=13216, stack(0x000000000b390000,0x000000000b490000)]
  0x0000000008a45800 JavaThread "Attach Listener" daemon [_thread_blocked, id=26460, stack(0x000000000b1c0000,0x000000000b2c0000)]
  0x0000000008a43800 JavaThread "Signal Dispatcher" daemon [_thread_blocked, id=22896, stack(0x000000000b030000,0x000000000b130000)]
  0x00000000020bc000 JavaThread "Finalizer" daemon [_thread_blocked, id=31488, stack(0x000000000aef0000,0x000000000aff0000)]
  0x00000000020bb000 JavaThread "Reference Handler" daemon [_thread_blocked, id=17160, stack(0x000000000ad80000,0x000000000ae80000)]
  0x000000000217e800 JavaThread "main" [_thread_in_Java, id=6448, stack(0x00000000021a0000,0x00000000022a0000)]

Other Threads:
  0x0000000009aa3800 VMThread [stack: 0x000000000aaf0000,0x000000000abf0000] [id=27512]
  0x0000000009b0e000 WatcherThread [stack: 0x000000000b720000,0x000000000b820000] [id=30496]

VM state:not at safepoint (normal execution)

VM Mutex/Monitor currently owned by a thread: None

Heap
 PSYoungGen      total 37888K, used 29510K [0x00000000eaa80000, 0x00000000ed480000, 0x0000000100000000)
  eden space 32768K, 74% used [0x00000000eaa80000,0x00000000ec257f30,0x00000000eca80000)
  from space 5120K, 99% used [0x00000000eca80000,0x00000000ecf79c98,0x00000000ecf80000)
  to   space 5120K, 0% used [0x00000000ecf80000,0x00000000ecf80000,0x00000000ed480000)
 ParOldGen       total 84992K, used 1721K [0x00000000c0000000, 0x00000000c5300000, 0x00000000eaa80000)
  object space 84992K, 2% used [0x00000000c0000000,0x00000000c01ae448,0x00000000c5300000)
 PSPermGen       total 21504K, used 5579K [0x00000000bae00000, 0x00000000bc300000, 0x00000000c0000000)
  object space 21504K, 25% used [0x00000000bae00000,0x00000000bb372cf8,0x00000000bc300000)

Card table byte_map: [0x0000000005450000,0x0000000005680000] byte_map_base: 0x0000000004e79000

Polling page: 0x0000000000220000

Code Cache  [0x0000000002390000, 0x0000000002600000, 0x0000000005390000)
 total_blobs=566 nmethods=332 adapters=186 free_code_cache=47838Kb largest_free_block=48952256

Compilation events (10 events):
Event: 4.518 Thread 0x0000000008a46000 nmethod 329 0x00000000024cfcd0 code [0x00000000024cfe60, 0x00000000024d0250]
Event: 4.518 Thread 0x0000000008a46000  330             com.android.dx.ssa.SsaBasicBlock::getDomChildren (5 bytes)
Event: 4.518 Thread 0x0000000008a4a000 nmethod 327 0x0000000002451310 code [0x00000000024514c0, 0x0000000002451a30]
Event: 4.519 Thread 0x0000000008a4a000  331             com.android.dx.ssa.SsaMethod::makeExitBlock (134 bytes)
Event: 4.519 Thread 0x0000000008a46000 nmethod 330 0x0000000002451110 code [0x0000000002451240, 0x0000000002451298]
Event: 4.519 Thread 0x0000000008a46000  332             java.util.Collections$UnmodifiableCollection::iterator (9 bytes)
Event: 4.523 Thread 0x0000000008a46000 nmethod 332 0x00000000024cf610 code [0x00000000024cf780, 0x00000000024cf9f8]
Event: 4.523 Thread 0x0000000008a46000  333             java.util.Collections$UnmodifiableCollection$1::<init> (26 bytes)
Event: 4.527 Thread 0x0000000008a46000 nmethod 333 0x00000000024cf010 code [0x00000000024cf180, 0x00000000024cf3b8]
Event: 4.527 Thread 0x0000000008a46000  334             com.android.dx.ssa.back.SsaToRop::convertBasicBlocks (151 bytes)

GC Heap History (2 events):
Event: 3.683 GC heap before
{Heap before GC invocations=1 (full 0):
 PSYoungGen      total 37888K, used 32768K [0x00000000eaa80000, 0x00000000ed480000, 0x0000000100000000)
  eden space 32768K, 100% used [0x00000000eaa80000,0x00000000eca80000,0x00000000eca80000)
  from space 5120K, 0% used [0x00000000ecf80000,0x00000000ecf80000,0x00000000ed480000)
  to   space 5120K, 0% used [0x00000000eca80000,0x00000000eca80000,0x00000000ecf80000)
 ParOldGen       total 84992K, used 0K [0x00000000c0000000, 0x00000000c5300000, 0x00000000eaa80000)
  object space 84992K, 0% used [0x00000000c0000000,0x00000000c0000000,0x00000000c5300000)
 PSPermGen       total 21504K, used 5530K [0x00000000bae00000, 0x00000000bc300000, 0x00000000c0000000)
  object space 21504K, 25% used [0x00000000bae00000,0x00000000bb366b78,0x00000000bc300000)
Event: 3.719 GC heap after
Heap after GC invocations=1 (full 0):
 PSYoungGen      total 37888K, used 5095K [0x00000000eaa80000, 0x00000000ed480000, 0x0000000100000000)
  eden space 32768K, 0% used [0x00000000eaa80000,0x00000000eaa80000,0x00000000eca80000)
  from space 5120K, 99% used [0x00000000eca80000,0x00000000ecf79c98,0x00000000ecf80000)
  to   space 5120K, 0% used [0x00000000ecf80000,0x00000000ecf80000,0x00000000ed480000)
 ParOldGen       total 84992K, used 1721K [0x00000000c0000000, 0x00000000c5300000, 0x00000000eaa80000)
  object space 84992K, 2% used [0x00000000c0000000,0x00000000c01ae448,0x00000000c5300000)
 PSPermGen       total 21504K, used 5530K [0x00000000bae00000, 0x00000000bc300000, 0x00000000c0000000)
  object space 21504K, 25% used [0x00000000bae00000,0x00000000bb366b78,0x00000000bc300000)
}

Deoptimization events (10 events):
Event: 2.251 Thread 0x000000000217e800 Uncommon trap: reason=class_check action=maybe_recompile pc=0x000000000241d4c8 method=com.android.dx.rop.type.Type.equals(Ljava/lang/Object;)Z @ 8
Event: 3.549 Thread 0x000000000217e800 Uncommon trap: reason=null_check action=make_not_entrant pc=0x000000000245cc6c method=com.android.dx.rop.type.Type.putIntern(Lcom/android/dx/rop/type/Type;)Lcom/android/dx/rop/type/Type; @ 18
Event: 4.365 Thread 0x000000000217e800 Uncommon trap: reason=unreached action=reinterpret pc=0x00000000024a7628 method=com.android.dx.cf.code.Ropper.processBlock(Lcom/android/dx/cf/code/ByteBlock;Lcom/android/dx/cf/code/Frame;[I)V @ 513
Event: 4.369 Thread 0x000000000217e800 Uncommon trap: reason=null_check action=make_not_entrant pc=0x0000000002446dec method=com.android.dx.ssa.SsaRenamer.getLocalForNewReg(I)Lcom/android/dx/rop/code/LocalItem; @ 19
Event: 4.370 Thread 0x000000000217e800 Uncommon trap: reason=unreached action=reinterpret pc=0x0000000002412fc4 method=com.android.dx.rop.cst.Constant.compareTo(Lcom/android/dx/rop/cst/Constant;)I @ 12
Event: 4.510 Thread 0x000000000217e800 Uncommon trap: reason=class_check action=maybe_recompile pc=0x00000000024b7114 method=com.android.dx.cf.code.BytecodeArray.parseInstruction(ILcom/android/dx/cf/code/BytecodeArray$Visitor;)I @ 1051
Event: 4.510 Thread 0x000000000217e800 Uncommon trap: reason=class_check action=maybe_recompile pc=0x00000000024b70c4 method=com.android.dx.cf.code.BytecodeArray.parseInstruction(ILcom/android/dx/cf/code/BytecodeArray$Visitor;)I @ 1035
Event: 4.510 Thread 0x000000000217e800 Uncommon trap: reason=class_check action=maybe_recompile pc=0x00000000024b7114 method=com.android.dx.cf.code.BytecodeArray.parseInstruction(ILcom/android/dx/cf/code/BytecodeArray$Visitor;)I @ 1051
Event: 4.510 Thread 0x000000000217e800 Uncommon trap: reason=class_check action=maybe_recompile pc=0x00000000024b70c4 method=com.android.dx.cf.code.BytecodeArray.parseInstruction(ILcom/android/dx/cf/code/BytecodeArray$Visitor;)I @ 1035
Event: 4.527 Thread 0x000000000217e800 Uncommon trap: reason=bimorphic action=maybe_recompile pc=0x0000000002474504 method=java.util.HashMap.put(Ljava/lang/Object;Ljava/lang/Object;)Ljava/lang/Object; @ 83

Internal exceptions (10 events):
Event: 1.521 Thread 0x000000000217e800 Threw 0x00000000eb391f28 at C:\re\jdk7u67\1368\hotspot\src\share\vm\prims\jvm.cpp:1244
Event: 1.636 Thread 0x000000000217e800 Threw 0x00000000eb48d378 at C:\re\jdk7u67\1368\hotspot\src\share\vm\prims\jvm.cpp:1244
Event: 1.669 Thread 0x000000000217e800 Threw 0x00000000eb4de378 at C:\re\jdk7u67\1368\hotspot\src\share\vm\prims\jvm.cpp:1244
Event: 1.670 Thread 0x000000000217e800 Threw 0x00000000eb4ea200 at C:\re\jdk7u67\1368\hotspot\src\share\vm\prims\jvm.cpp:1244
Event: 2.080 Thread 0x000000000217e800 Implicit null exception at 0x000000000240f4e3 to 0x000000000240f8ad
Event: 2.289 Thread 0x000000000217e800 Threw 0x00000000ebb34548 at C:\re\jdk7u67\1368\hotspot\src\share\vm\prims\jvm.cpp:1244
Event: 2.437 Thread 0x000000000217e800 Threw 0x00000000ebe42f98 at C:\re\jdk7u67\1368\hotspot\src\share\vm\prims\jvm.cpp:1244
Event: 3.549 Thread 0x000000000217e800 Implicit null exception at 0x000000000245c55f to 0x000000000245cc5d
Event: 3.792 Thread 0x000000000217e800 Threw 0x00000000eab64f90 at C:\re\jdk7u67\1368\hotspot\src\share\vm\prims\jvm.cpp:1244
Event: 4.368 Thread 0x000000000217e800 Implicit null exception at 0x00000000024458e9 to 0x0000000002446dc1

Events (10 events):
Event: 4.510 Thread 0x000000000217e800 DEOPT UNPACKING pc=0x00000000023c75a4 sp=0x000000000229e678 mode 2
Event: 4.510 Thread 0x000000000217e800 Uncommon trap: trap_request=0xffffffde fr.pc=0x00000000024b7114
Event: 4.510 Thread 0x000000000217e800 DEOPT PACKING pc=0x00000000024b7114 sp=0x000000000229e6a0
Event: 4.510 Thread 0x000000000217e800 DEOPT UNPACKING pc=0x00000000023c75a4 sp=0x000000000229e648 mode 2
Event: 4.510 Thread 0x000000000217e800 Uncommon trap: trap_request=0xffffffde fr.pc=0x00000000024b70c4
Event: 4.510 Thread 0x000000000217e800 DEOPT PACKING pc=0x00000000024b70c4 sp=0x000000000229e6a0
Event: 4.510 Thread 0x000000000217e800 DEOPT UNPACKING pc=0x00000000023c75a4 sp=0x000000000229e648 mode 2
Event: 4.527 Thread 0x000000000217e800 Uncommon trap: trap_request=0xffffffc6 fr.pc=0x0000000002474504
Event: 4.527 Thread 0x000000000217e800 DEOPT PACKING pc=0x0000000002474504 sp=0x000000000229e610
Event: 4.527 Thread 0x000000000217e800 DEOPT UNPACKING pc=0x00000000023c75a4 sp=0x000000000229e5b8 mode 2


Dynamic libraries:
0x000000013ff30000 - 0x000000013ff63000 	C:\Program Files\Java\jdk1.7.0_67\bin\java.exe
0x0000000077560000 - 0x0000000077709000 	C:\Windows\SYSTEM32\ntdll.dll
0x0000000077440000 - 0x000000007755f000 	C:\Windows\system32\kernel32.dll
0x000007fefd3e0000 - 0x000007fefd44c000 	C:\Windows\system32\KERNELBASE.dll
0x000007fefdec0000 - 0x000007fefdf9b000 	C:\Windows\system32\ADVAPI32.dll
0x000007fefe580000 - 0x000007fefe61f000 	C:\Windows\system32\msvcrt.dll
0x000007fefe970000 - 0x000007fefe98f000 	C:\Windows\SYSTEM32\sechost.dll
0x000007fefe6e0000 - 0x000007fefe80d000 	C:\Windows\system32\RPCRT4.dll
0x0000000077340000 - 0x000000007743a000 	C:\Windows\system32\USER32.dll
0x000007feff720000 - 0x000007feff787000 	C:\Windows\system32\GDI32.dll
0x000007fefe620000 - 0x000007fefe62e000 	C:\Windows\system32\LPK.dll
0x000007fefe180000 - 0x000007fefe249000 	C:\Windows\system32\USP10.dll
0x000007fefa9e0000 - 0x000007fefabd4000 	C:\Windows\WinSxS\amd64_microsoft.windows.common-controls_6595b64144ccf1df_6.0.7601.18837_none_fa3b1e3d17594757\COMCTL32.dll
0x000007fefd860000 - 0x000007fefd8d1000 	C:\Windows\system32\SHLWAPI.dll
0x000007fefe830000 - 0x000007fefe85e000 	C:\Windows\system32\IMM32.DLL
0x000007fefe860000 - 0x000007fefe969000 	C:\Windows\system32\MSCTF.dll
0x000007fefd250000 - 0x000007fefd27f000 	C:\Windows\system32\nvinitx.dll
0x000007fefd240000 - 0x000007fefd24c000 	C:\Windows\system32\VERSION.dll
0x000000000f000000 - 0x000000000f006000 	C:\Program Files\NVIDIA Corporation\CoProcManager\detoured.dll
0x000007fef3c70000 - 0x000007fef3ca3000 	C:\Program Files\NVIDIA Corporation\CoProcManager\nvd3d9wrapx.dll
0x000007fefdfa0000 - 0x000007fefe177000 	C:\Windows\system32\SETUPAPI.dll
0x000007fefd4a0000 - 0x000007fefd4d6000 	C:\Windows\system32\CFGMGR32.dll
0x000007feff790000 - 0x000007feff867000 	C:\Windows\system32\OLEAUT32.dll
0x000007fefe370000 - 0x000007fefe573000 	C:\Windows\system32\ole32.dll
0x000007fefd4e0000 - 0x000007fefd4fa000 	C:\Windows\system32\DEVOBJ.dll
0x000007fef3ba0000 - 0x000007fef3bc3000 	C:\Program Files\NVIDIA Corporation\CoProcManager\nvdxgiwrapx.dll
0x00000000501b0000 - 0x0000000050282000 	C:\Program Files\Java\jdk1.7.0_67\jre\bin\msvcr100.dll
0x000000006ea60000 - 0x000000006f232000 	C:\Program Files\Java\jdk1.7.0_67\jre\bin\server\jvm.dll
0x000007fef69b0000 - 0x000007fef69b9000 	C:\Windows\system32\WSOCK32.dll
0x000007fefe690000 - 0x000007fefe6dd000 	C:\Windows\system32\WS2_32.dll
0x000007fefdeb0000 - 0x000007fefdeb8000 	C:\Windows\system32\NSI.dll
0x000007fefbcb0000 - 0x000007fefbceb000 	C:\Windows\system32\WINMM.dll
0x0000000077720000 - 0x0000000077727000 	C:\Windows\system32\PSAPI.DLL
0x00000000688f0000 - 0x00000000688ff000 	C:\Program Files\Java\jdk1.7.0_67\jre\bin\verify.dll
0x0000000067e30000 - 0x0000000067e58000 	C:\Program Files\Java\jdk1.7.0_67\jre\bin\java.dll
0x0000000067e70000 - 0x0000000067e85000 	C:\Program Files\Java\jdk1.7.0_67\jre\bin\zip.dll
0x0000000067cb0000 - 0x0000000067cc9000 	C:\Program Files\Java\jdk1.7.0_67\jre\bin\net.dll
0x000007fefca50000 - 0x000007fefcaa5000 	C:\Windows\system32\mswsock.dll
0x000007fefcb80000 - 0x000007fefcb87000 	C:\Windows\System32\wship6.dll
0x0000000067cd0000 - 0x0000000067ce1000 	C:\Program Files\Java\jdk1.7.0_67\jre\bin\nio.dll

VM Arguments:
jvm_args: -Xmx1024M -Dfile.encoding=windows-1252 -Duser.country=MX -Duser.language=es -Duser.variant 
java_command: com.android.dx.command.Main --dex --output C:\Users\cevelez\AndroidStudioProjects\izzi\app\build\intermediates\pre-dexed\debug\internal_impl-22.2.0-e6491a2a2eaf9c919688b11651bc4512fa2d90c8.jar C:\Users\cevelez\AndroidStudioProjects\izzi\app\build\intermediates\exploded-aar\com.android.support\support-v4\22.2.0\libs\internal_impl-22.2.0.jar
Launcher Type: SUN_STANDARD

Environment Variables:
JAVA_HOME=C:\Program Files\Java\jdk1.7.0_67
CLASSPATH=;.
PATH=C:\Program Files (x86)\HP SimplePass\x64;C:\Program Files (x86)\HP SimplePass\;;C:\Program Files (x86)\Intel\iCLS Client\;C:\Program Files\Intel\iCLS Client\;C:\Program Files (x86)\NVIDIA Corporation\PhysX\Common;C:\Program Files\Common Files\Microsoft Shared\Windows Live;C:\Program Files (x86)\Common Files\Microsoft Shared\Windows Live;C:\Windows\system32;C:\Windows;C:\Windows\System32\Wbem;C:\Windows\System32\WindowsPowerShell\v1.0\;C:\Program Files\Java\jdk1.7.0_67\bin;C:\Program Files\Intel\Intel(R) Management Engine Components\DAL;C:\Program Files\Intel\Intel(R) Management Engine Components\IPT;C:\Program Files (x86)\Intel\Intel(R) Management Engine Components\DAL;C:\Program Files (x86)\Intel\Intel(R) Management Engine Components\IPT;C:\Program Files (x86)\Microsoft SQL Server\100\Tools\Binn\;C:\Program Files\Microsoft SQL Server\100\Tools\Binn\;C:\Program Files\Microsoft SQL Server\100\DTS\Binn\;C:\Program Files\TortoiseSVN\bin;C:\Program Files (x86)\VisualSVN\bin;C:\Program Files\Intel\WiFi\bin\;C:\Program Files\Common Files\Intel\WirelessCommon\;C:\Program Files (x86)\Skype\Phone\;C:\Program Files\Intel\WiFi\bin\;C:\Program Files\Common Files\Intel\WirelessCommon\
USERNAME=cevelez
OS=Windows_NT
PROCESSOR_IDENTIFIER=Intel64 Family 6 Model 60 Stepping 3, GenuineIntel



---------------  S Y S T E M  ---------------

OS: Windows 7 , 64 bit Build 7601 Service Pack 1

CPU:total 8 (4 cores per cpu, 2 threads per core) family 6 model 60 stepping 3, cmov, cx8, fxsr, mmx, sse, sse2, sse3, ssse3, sse4.1, sse4.2, popcnt, avx, avx2, aes, erms, ht, tsc, tscinvbit

Memory: 4k page, physical 8184944k(546464k free), swap 17791112k(5492k free)

vm_info: Java HotSpot(TM) 64-Bit Server VM (24.65-b04) for windows-amd64 JRE (1.7.0_67-b01), built on Jul 25 2014 08:55:00 by "java_re" with unknown MS VC++:1600

time: Fri Jun 19 19:23:18 2015
elapsed time: 4 seconds

