#
# There is insufficient memory for the Java Runtime Environment to continue.
# Native memory allocation (malloc) failed to allocate 8192 bytes for AllocateHeap
# Possible reasons:
#   The system is out of physical RAM or swap space
#   In 32 bit mode, the process size limit was hit
# Possible solutions:
#   Reduce memory load on the system
#   Increase physical memory or swap space
#   Check if swap backing store is full
#   Use 64 bit Java on a 64 bit OS
#   Decrease Java heap size (-Xmx/-Xms)
#   Decrease number of Java threads
#   Decrease Java thread stack sizes (-Xss)
#   Set larger code cache with -XX:ReservedCodeCacheSize=
# This output file may be truncated or incomplete.
#
#  Out of Memory Error (memory/allocation.inline.hpp:61), pid=29676, tid=28912
#
# JRE version:  (7.0_67-b01) (build )
# Java VM: Java HotSpot(TM) 64-Bit Server VM (24.65-b04 mixed mode windows-amd64 compressed oops)
# Failed to write core dump. Minidumps are not enabled by default on client versions of Windows
#

---------------  T H R E A D  ---------------

Current thread (0x00000000022ce800):  JavaThread "main" [_thread_in_vm, id=28912, stack(0x0000000002570000,0x0000000002670000)]

Stack: [0x0000000002570000,0x0000000002670000]
[error occurred during error reporting (printing stack bounds), id 0xc0000005]


[error occurred during error reporting (printing native stack), id 0xc0000005]

Java frames: (J=compiled Java code, j=interpreted, Vv=VM code)
j  java.lang.reflect.WeakCache.<init>(Ljava/lang/reflect/WeakCache$BiFunction;Ljava/lang/reflect/WeakCache$BiFunction;)V+16
j  java.lang.reflect.Proxy.<clinit>()V+33
v  ~StubRoutines::call_stub
j  sun.reflect.misc.ReflectUtil.isNonPublicProxyClass(Ljava/lang/Class;)Z+30
j  sun.reflect.misc.ReflectUtil.checkPackageAccess(Ljava/lang/Class;)V+8
j  java.util.concurrent.atomic.AtomicReferenceFieldUpdater$AtomicReferenceFieldUpdaterImpl.<init>(Ljava/lang/Class;Ljava/lang/Class;Ljava/lang/String;Ljava/lang/Class;)V+37
j  java.util.concurrent.atomic.AtomicReferenceFieldUpdater.newUpdater(Ljava/lang/Class;Ljava/lang/Class;Ljava/lang/String;)Ljava/util/concurrent/atomic/AtomicReferenceFieldUpdater;+10
j  java.io.BufferedInputStream.<clinit>()V+14
v  ~StubRoutines::call_stub
j  java.lang.System.initializeSystemClass()V+70
v  ~StubRoutines::call_stub

---------------  P R O C E S S  ---------------

Java Threads: ( => current thread )
  0x0000000008b51800 JavaThread "Finalizer" daemon [_thread_blocked, id=22356, stack(0x000000000b1e0000,0x000000000b2e0000)]
  0x0000000002217800 JavaThread "Reference Handler" daemon [_thread_blocked, id=22420, stack(0x000000000af90000,0x000000000b090000)]
=>0x00000000022ce800 JavaThread "main" [_thread_in_vm, id=28912, stack(0x0000000002570000,0x0000000002670000)]

Other Threads:
  0x0000000008b4d800 VMThread [stack: 0x000000000ad10000,0x000000000ae10000] [id=31360]

VM state:not at safepoint (normal execution)

VM Mutex/Monitor currently owned by a thread:  ([mutex/lock_event])
[0x00000000022cc420] SymbolTable_lock - owner thread: 0x00000000022ce800

Heap
 PSYoungGen      total 37888K, used 1311K [0x00000000eaa80000, 0x00000000ed480000, 0x0000000100000000)
  eden space 32768K, 4% used [0x00000000eaa80000,0x00000000eabc7c08,0x00000000eca80000)
  from space 5120K, 0% used [0x00000000ecf80000,0x00000000ecf80000,0x00000000ed480000)
  to   space 5120K, 0% used [0x00000000eca80000,0x00000000eca80000,0x00000000ecf80000)
 ParOldGen       total 84992K, used 0K [0x00000000c0000000, 0x00000000c5300000, 0x00000000eaa80000)
  object space 84992K, 0% used [0x00000000c0000000,0x00000000c0000000,0x00000000c5300000)
 PSPermGen       total 21504K, used 1251K [0x00000000bae00000, 0x00000000bc300000, 0x00000000c0000000)
  object space 21504K, 5% used [0x00000000bae00000,0x00000000baf38fa8,0x00000000bc300000)

Card table byte_map: [0x0000000005670000,0x00000000058a0000] byte_map_base: 0x0000000005099000

Polling page: 0x0000000000120000

Code Cache  [0x0000000002670000, 0x00000000028e0000, 0x0000000005670000)
 total_blobs=108 nmethods=0 adapters=84 free_code_cache=48801Kb largest_free_block=49972800

Compilation events (0 events):
No events

GC Heap History (0 events):
No events

Deoptimization events (0 events):
No events

Internal exceptions (1 events):
Event: 0.040 Thread 0x00000000022ce800 Threw 0x00000000eaa8b928 at C:\re\jdk7u67\1368\hotspot\src\share\vm\prims\jni.cpp:3991

Events (10 events):
Event: 0.044 loading class 0x00000000089a4bd0 done
Event: 0.044 loading class 0x00000000089a4af0
Event: 0.044 loading class 0x00000000089a4c00
Event: 0.044 loading class 0x00000000089a4c00 done
Event: 0.044 loading class 0x00000000089a4af0 done
Event: 0.044 loading class 0x00000000089a4b90
Event: 0.045 loading class 0x00000000089a4b90 done
Event: 0.045 loading class 0x00000000089a5dc0
Event: 0.045 loading class 0x00000000089a5dc0 done
Event: 0.045 loading class 0x000000000897d0a0


Dynamic libraries:
0x000000013ff30000 - 0x000000013ff63000 	C:\Program Files\Java\jdk1.7.0_67\bin\java.exe
0x0000000077560000 - 0x0000000077709000 	C:\Windows\SYSTEM32\ntdll.dll
0x0000000077440000 - 0x000000007755f000 	C:\Windows\system32\kernel32.dll
0x000007fefd3e0000 - 0x000007fefd44c000 	C:\Windows\system32\KERNELBASE.dll
0x000007fefdec0000 - 0x000007fefdf9b000 	C:\Windows\system32\ADVAPI32.dll
0x000007fefe580000 - 0x000007fefe61f000 	C:\Windows\system32\msvcrt.dll
0x000007fefe970000 - 0x000007fefe98f000 	C:\Windows\SYSTEM32\sechost.dll
0x000007fefe6e0000 - 0x000007fefe80d000 	C:\Windows\system32\RPCRT4.dll
0x0000000077340000 - 0x000000007743a000 	C:\Windows\system32\USER32.dll
0x000007feff720000 - 0x000007feff787000 	C:\Windows\system32\GDI32.dll
0x000007fefe620000 - 0x000007fefe62e000 	C:\Windows\system32\LPK.dll
0x000007fefe180000 - 0x000007fefe249000 	C:\Windows\system32\USP10.dll
0x000007fefa9e0000 - 0x000007fefabd4000 	C:\Windows\WinSxS\amd64_microsoft.windows.common-controls_6595b64144ccf1df_6.0.7601.18837_none_fa3b1e3d17594757\COMCTL32.dll
0x000007fefd860000 - 0x000007fefd8d1000 	C:\Windows\system32\SHLWAPI.dll
0x000007fefe830000 - 0x000007fefe85e000 	C:\Windows\system32\IMM32.DLL
0x000007fefe860000 - 0x000007fefe969000 	C:\Windows\system32\MSCTF.dll
0x000007fefd250000 - 0x000007fefd27f000 	C:\Windows\system32\nvinitx.dll
0x000007fefd240000 - 0x000007fefd24c000 	C:\Windows\system32\VERSION.dll
0x000000000f000000 - 0x000000000f006000 	C:\Program Files\NVIDIA Corporation\CoProcManager\detoured.dll
0x000007fef3c70000 - 0x000007fef3ca3000 	C:\Program Files\NVIDIA Corporation\CoProcManager\nvd3d9wrapx.dll
0x000007fefdfa0000 - 0x000007fefe177000 	C:\Windows\system32\SETUPAPI.dll
0x000007fefd4a0000 - 0x000007fefd4d6000 	C:\Windows\system32\CFGMGR32.dll
0x000007feff790000 - 0x000007feff867000 	C:\Windows\system32\OLEAUT32.dll
0x000007fefe370000 - 0x000007fefe573000 	C:\Windows\system32\ole32.dll
0x000007fefd4e0000 - 0x000007fefd4fa000 	C:\Windows\system32\DEVOBJ.dll
0x000007fef3ba0000 - 0x000007fef3bc3000 	C:\Program Files\NVIDIA Corporation\CoProcManager\nvdxgiwrapx.dll
0x00000000501b0000 - 0x0000000050282000 	C:\Program Files\Java\jdk1.7.0_67\jre\bin\msvcr100.dll
0x000000006ea60000 - 0x000000006f232000 	C:\Program Files\Java\jdk1.7.0_67\jre\bin\server\jvm.dll
0x000007fef69b0000 - 0x000007fef69b9000 	C:\Windows\system32\WSOCK32.dll
0x000007fefe690000 - 0x000007fefe6dd000 	C:\Windows\system32\WS2_32.dll
0x000007fefdeb0000 - 0x000007fefdeb8000 	C:\Windows\system32\NSI.dll
0x000007fefbcb0000 - 0x000007fefbceb000 	C:\Windows\system32\WINMM.dll
0x0000000077720000 - 0x0000000077727000 	C:\Windows\system32\PSAPI.DLL
0x00000000688f0000 - 0x00000000688ff000 	C:\Program Files\Java\jdk1.7.0_67\jre\bin\verify.dll
0x0000000067e30000 - 0x0000000067e58000 	C:\Program Files\Java\jdk1.7.0_67\jre\bin\java.dll
0x0000000067e70000 - 0x0000000067e85000 	C:\Program Files\Java\jdk1.7.0_67\jre\bin\zip.dll

VM Arguments:
jvm_args: -Xmx1024M -Dfile.encoding=windows-1252 -Duser.country=MX -Duser.language=es -Duser.variant 
java_command: com.android.dx.command.Main --dex --output C:\Users\cevelez\AndroidStudioProjects\izzi\app\build\intermediates\pre-dexed\debug\classes-4586de9a083e95d8a413dce0c522d5f1ee09861b.jar C:\Users\cevelez\AndroidStudioProjects\izzi\app\build\intermediates\exploded-aar\com.facebook.android\facebook-android-sdk\4.0.0\classes.jar
Launcher Type: SUN_STANDARD

Environment Variables:
JAVA_HOME=C:\Program Files\Java\jdk1.7.0_67
CLASSPATH=;.
PATH=C:\Program Files (x86)\HP SimplePass\x64;C:\Program Files (x86)\HP SimplePass\;;C:\Program Files (x86)\Intel\iCLS Client\;C:\Program Files\Intel\iCLS Client\;C:\Program Files (x86)\NVIDIA Corporation\PhysX\Common;C:\Program Files\Common Files\Microsoft Shared\Windows Live;C:\Program Files (x86)\Common Files\Microsoft Shared\Windows Live;C:\Windows\system32;C:\Windows;C:\Windows\System32\Wbem;C:\Windows\System32\WindowsPowerShell\v1.0\;C:\Program Files\Java\jdk1.7.0_67\bin;C:\Program Files\Intel\Intel(R) Management Engine Components\DAL;C:\Program Files\Intel\Intel(R) Management Engine Components\IPT;C:\Program Files (x86)\Intel\Intel(R) Management Engine Components\DAL;C:\Program Files (x86)\Intel\Intel(R) Management Engine Components\IPT;C:\Program Files (x86)\Microsoft SQL Server\100\Tools\Binn\;C:\Program Files\Microsoft SQL Server\100\Tools\Binn\;C:\Program Files\Microsoft SQL Server\100\DTS\Binn\;C:\Program Files\TortoiseSVN\bin;C:\Program Files (x86)\VisualSVN\bin;C:\Program Files\Intel\WiFi\bin\;C:\Program Files\Common Files\Intel\WirelessCommon\;C:\Program Files (x86)\Skype\Phone\;C:\Program Files\Intel\WiFi\bin\;C:\Program Files\Common Files\Intel\WirelessCommon\
USERNAME=cevelez
OS=Windows_NT
PROCESSOR_IDENTIFIER=Intel64 Family 6 Model 60 Stepping 3, GenuineIntel



---------------  S Y S T E M  ---------------

OS: Windows 7 , 64 bit Build 7601 Service Pack 1

CPU:total 8 (4 cores per cpu, 2 threads per core) family 6 model 60 stepping 3, cmov, cx8, fxsr, mmx, sse, sse2, sse3, ssse3, sse4.1, sse4.2, popcnt, avx, avx2, aes, erms, ht, tsc, tscinvbit

Memory: 4k page, physical 8184944k(844248k free), swap 17791112k(154464k free)

vm_info: Java HotSpot(TM) 64-Bit Server VM (24.65-b04) for windows-amd64 JRE (1.7.0_67-b01), built on Jul 25 2014 08:55:00 by "java_re" with unknown MS VC++:1600

time: Fri Jun 19 19:23:14 2015
elapsed time: 0 seconds

